<?xml version="1.0" encoding="UTF-8"?>
<testsuite name="pt.up.fe.ldts.example1.OrderSpockTest" tests="3" skipped="0" failures="1" errors="0" timestamp="2022-11-21T11:03:14" hostname="pedro" time="0.434">
  <properties/>
  <testcase name="Is Elegible For Free Delivery (Small)" classname="pt.up.fe.ldts.example1.OrderSpockTest" time="0.413">
    <failure message="Condition not satisfied:&#10;&#10;result == true&#10;|      |&#10;false  false&#10;" type="org.spockframework.runtime.SpockComparisonFailure">Condition not satisfied:

result == true
|      |
false  false

	at pt.up.fe.ldts.example1.OrderSpockTest.Is Elegible For Free Delivery (Small)(OrderSpockTest.groovy:17)
</failure>
  </testcase>
  <testcase name="Is Elegible For Free Delivery (Large)" classname="pt.up.fe.ldts.example1.OrderSpockTest" time="0.001"/>
  <testcase name="Print Order" classname="pt.up.fe.ldts.example1.OrderSpockTest" time="0.02"/>
  <system-out><![CDATA[]]></system-out>
  <system-err><![CDATA[]]></system-err>
</testsuite>
